<?xml version="1.0" encoding="UTF-8"?>
<!-- Generated by org.testng.reporters.JUnitXMLReporter -->
<testsuite hostname="IPPRAKASHKUMAR" name="Default test(failed)(failed)" tests="7" failures="1" timestamp="3 Sep 2014 11:10:26 GMT" time="201.994" errors="0">
  <testcase name="testSplashScreen" time="8.766" classname="se.test.MiTvAppTest.AndroidApp"/>
  <testcase name="testRegisterNewUser" time="88.843" classname="se.test.MiTvAppTest.AndroidApp"/>
  <testcase name="testVerifyDates" time="11.056" classname="se.test.MiTvAppTest.AndroidApp"/>
  <testcase name="testMovieIcon" time="5.665" classname="se.test.MiTvAppTest.AndroidApp"/>
  <testcase name="testDragAndDrop" time="79.024" classname="se.test.MiTvAppTest.AndroidApp">
    <failure type="java.lang.IndexOutOfBoundsException" message="Index: 0, Size: 0">
      <![CDATA[java.lang.IndexOutOfBoundsException: Index: 0, Size: 0
	at java.util.ArrayList.rangeCheck(ArrayList.java:638)
	at java.util.ArrayList.get(ArrayList.java:414)
	at se.test.MiTvAppTest.AndroidApp.testLogin(AndroidApp.java:354)
	at se.test.MiTvAppTest.AndroidApp.testDragAndDrop(AndroidApp.java:245)
... Removed 24 stack frames]]>
    </failure>
  </testcase> <!-- testDragAndDrop -->
  <testcase name="testActivity" time="0.0" classname="se.test.MiTvAppTest.AndroidApp">
    <skipped/>
  </testcase> <!-- testActivity -->
  <testcase name="testResetPassword" time="0.001" classname="se.test.MiTvAppTest.AndroidApp">
    <skipped/>
  </testcase> <!-- testResetPassword -->
</testsuite> <!-- Default test(failed)(failed) -->
